###
A
SAINT-ESTEVE-JANSON
MAREUIL-SUR-LAY-DISSAIS
VALGORGE
MARTHOD
WALHEIM
GASTES
NEFFIES
###
A
NEUVILLE-SAINT-VAAST
ETERPIGNY
VILLEFAGNAN
BURES-LES-MONTS
MERILLAC
CHARLAS
COUDEHARD
BELLEHERBE
GREZELS
###
A
HOUILLES
ROUVRAY
BOUGNEAU
ALLONNES
CRUSCADES
SION-LES-MINES
CASTANET-TOLOSAN
###
A
ALISSAS
HAUT-DU-THEM-CHATEAU-LAMBERT
OUROUX-SOUS-LE-BOIS-SAINTE-MARIE
ARESSY
HYMONT
###
A
WEISLINGEN
GRAILHEN
ARLEUF
BARAQUEVILLE
MAZERES-LEZONS
SAINT-AIGNAN-DES-GUES
SAINT-FIACRE
CLIRON
MONTIGNY-LE-GANNELON
###
A
MORGANX
BATTEXEY
HEUGAS
SAINT-JEAN-DE-COUZ
PIEGON
CROUTOY
###
A
SAINT-LUMINE-DE-CLISSON
EGUZON-CHANTOME
ANGLURE
MONTFERRAND-LA-FARE
SIOUVILLE-HAGUE
BOISYVON
VALMY
VITRY-LES-NOGENT
###
A
CAZAUX-FRECHET-ANERAN-CAMORS
FLEURE
FRONSAC
RAMMERSMATT
PERVENCHERES
DAMPJOUX
BERNEX
ONTEX
PERNES-LES-BOULOGNE
###
A
SAINT-PIERRE-LAVAL
SOLARO
MONT-BERNANCHON
CELLE
LAGNY
SARRIANS
###
A
CHATELARD
QUESTRECQUES
SAINT-BARTHELEMY
CAIRANNE
ARPENANS
###
A
FOURNOLS
BONNARD
TRENTELS
SAINT-PIERRE-DE-CLAIRAC
CORBERE-ABERES
NERVILLE-LA-FORET
BOREY
###
A
BRAINVILLE-SUR-MEUSE
DUN-LE-POELIER
SARREMEZAN
FRETHUN
LAUBERT
SAINT-PAUL-EN-FORET
###
A
CHAVAGNE
BOERSCH
VENDEUIL-CAPLY
NEVERS
MALAUZAT
MAIRIEUX
NASTRINGUES
VILLERS-SUR-AUCHY
###
A
RIEUSSEC
ETOUY
SAINTE-CROIX
CUCHARMOY
FREGIMONT
###
A
POCANCY
LONDIGNY
SAINT-JEAN-D'AUBRIGOUX
###
A
SAINT-VALLIER
LOCQUIREC
COULOGNE
POUGNE-HERISSON
LAHAGE
ERIN
FENIOUX
###
A
ORCHAMPS-VENNES
THIBOUVILLE
SAINT-AUBIN-DE-SCELLON
SAINT-ETIENNE-DE-CHOMEIL
VIC-LA-GARDIOLE
SAINT-PLANCHERS
ESCAUDES
PETITE-CHAUX
BAYONVILLE-SUR-MAD
###
A
VERNOSC-LES-ANNONAY
BEIGNON
CRESPIERES
SAINT-DENISCOURT
SAINT-SERNIN
###
A
NABIRAT
GRANDVELLE-ET-LE-PERRENOT
VIREY-SOUS-BAR
BROUT-VERNET
VIRE-SUR-LOT
###
A
SAINT-BENOIT
CERISY-BULEUX
###
A
NEZEL
MONTHOU-SUR-CHER
DURSTEL
DOUZY
CURGY
LAPARADE
###
A
FOUGEROLLES
NEAUX
PLOUAY
SAINT-PREUIL
###
A
TRAMECOURT
PERCEY
###
A
ROQUEFORT-SUR-GARONNE
BAYERS
COMBRES-SOUS-LES-COTES
CABANAC-CAZAUX
SAINT-JUST-EN-BRIE
COLROY-LA-ROCHE
BELLERAY
###
A
LOURDIOS-ICHERE
THISE
ARSAGUE
###
A
BRANCOURT-EN-LAONNOIS
AUBENAS
PONT-DE-BARRET
###
A
JOUVENCON
SAPONAY
LAPEYRUGUE
###
A
VERTUS
AMBRUGEAT
ORMESSON
CONNAUX
PEYRIAT
SAINTE-CROIX-SUR-MER
###
A
VERRIERES-EN-FOREZ
SANRY-SUR-NIED
BRUERE-ALLICHAMPS
COISE-SAINT-JEAN-PIED-GAUTHIER
BOUGES-LE-CHATEAU
###
A
MAY-EN-MULTIEN
VILLEFRANCHE-DE-PANAT
CHAUDEFONDS-SUR-LAYON
RAZENGUES
SAINT-MARTIN-DES-OLMES
VERCOIRAN
###
B
NOIZAY
###
B
WALBOURG
VELLEROT-LES-BELVOIR
BETTEMBOS
SAINTE-FLAIVE-DES-LOUPS
SAINT-MARTIN-DE-NIGELLES
ANHAUX
###
B
FORNEX
VOULTEGON
BADEVEL
PRECILHON
ROZIER-EN-DONZY
RUEYRES
FROHEN-SUR-AUTHIE
###
B
ILE-DE-SEIN
OYE-ET-PALLET
SAINT-RIVOAL
CHAMBON-SAINTE-CROIX
VILLEMANOCHE
MARIGNAC
NEUILLAY-LES-BOIS
SAINT-CHRISTOLY-MEDOC
JOUDES
VAL-DE-MEUSE
VILLEPERDRIX
###
B
VAUCHELLES-LES-QUESNOY
SALENCY
HERES
SAINT-JEAN-DE-LA-PORTE
MESGRIGNY
VAUDEVANT
BLAISY-BAS
BOIS-D'AMONT
DURANCE
NOGENT-LES-MONTBARD
PORTES-EN-VALDAINE
###
B
BIGORNO
VELVING
THOREY-SOUS-CHARNY
VENTELAY
MOUAIS
FAY-EN-MONTAGNE
###
B
FENOUILLET-DU-RAZES
SOREAC
GOURBIT
MENNEVRET
SAINT-ETIENNE-DE-VICQ
POMEROL
MOUCHARD
BOURG-SAINT-MAURICE
MIRAMONT-DE-QUERCY
AUREILLE
BRUEBACH
###
B
LUGLON
SAINT-MARTIN-LE-GREARD
###
B
PARNANS
ANGLARS
POZIERES
LENCLOITRE
FLORENTIA
SAINT-MICHEL
###
B
LAVAL-D'AURELLE
FROTEY-LES-LURE
CAZALS-DES-BAYLES
CESSET
MAISON-MAUGIS
BOUILLAND
###
B
BOURLENS
CAUDECOSTE
LEPAUD
CHAMALOC
SAINT-CIERS-SUR-GIRONDE
###
B
TILHOUSE
###
B
VALBONNAIS
BUXIERES-SOUS-MONTAIGUT
AIGREMONT
BOURVILLE
LONGUEAU
EVRANGE
VAUX
SAINT-DIE-DES-VOSGES
###
B
MONTEZIC
BOUSSY-SAINT-ANTOINE
DOUILLET
###
B
RICHELIEU
VILLOTTE-SUR-AIRE
BUSSY-LETTREE
REGNIOWEZ
PIERREFEU-DU-VAR
VELLERON
SAINT-MARC-SUR-SEINE
BLOYE
###
C
DIONAY
BREUIL-BOIS-ROBERT
ARGENTON-L'EGLISE
###
C
PUTTIGNY
TEILHET
###
C
BAUGY
BONNEUIL-SUR-MARNE
THIERVILLE-SUR-MEUSE
VILLECOMTE
SAINT-GERMAIN-LAPRADE
VILLENEUVE-SOUS-PYMONT
PITHIVIERS-LE-VIEIL
FONTAINE-FRANCAISE
POINSENOT
SAINT-JULIEN-DU-PINET
DENTING
REMILLY
JONZAC
ENTREMONT
###
C
COULIMER
LALBENQUE
VAL-DE-VESLE
SAINT-MARTIN-DE-FUGERES
SAINT-BARD
###
C
GORNIES
NARCY
