###
A
ROUHLING
GANAC
SAINT-AUBIN-DES-HAYES
WEYER
###
A
ARCONCEY
LAVARS
UCKANGE
CESNY-AUX-VIGNES
CHANOS-CURSON
GUINES
ESPARTIGNAC
SANCHEVILLE
ILLIES
DAUSSE
SAINT-CHRISTOL-LES-ALES
###
A
HAMELIN
ERINGES
GOLLEVILLE
MARLIEUX
FRONTENAUD
###
A
CHAMIGNY
GREMILLY
###
A
JULOS
PODENSAC
GILOCOURT
GRAND-SANTI
###
A
MILLY-SUR-THERAIN
GILHOC-SUR-ORMEZE
VILLETTE-SUR-AUBE
PLEUGUENEUC
###
A
MARCILLAC-LA-CROISILLE
LAUTENBACHZELL
GUERET
FLORANGE
###
A
HERBEVILLE
THONNE-LA-LONG
LOULLE
MANY
###
A
CANTOIN
PINO
###
A
BOUZANCOURT
OSTRICOURT
###
B
SAINT-LAURENT-DU-BOIS
CHANTRAINES
FROIDEVILLE
VERRICOURT
CHAROST
DURCET
TOEUFLES
NIEUIL
LANHOUARNEAU
REMELFANG
NOIRLIEU
QUESTRECQUES
###
B
VEILLY
###
B
SAINT-SYMPHORIEN-LE-VALOIS
GAUCHY
###
B
ARFEUILLE-CHATAIN
ROISSY-EN-FRANCE
###
B
MORTHOMIERS
ESCHERANGE
POZIERES
SAINT-LEGER-AUX-BOIS
LAPEYRERE
SAINT-BONNET-LE-CHATEAU
VENANSON
FALICON
###
C
RIAILLE
CIRES
LION-EN-SULLIAS
VOIVRES-LES-LE-MANS
