###
A
ROUVRES-LES-BOIS
PITHON
GRIGNY
TULLINS
SAINT-REMY-EN-BOUZEMONT-SAINT-GENEST-ET-ISSON
MIEGES
SAINT-SENOUX
CONDAT
MORLEY
OULCHY-LE-CHATEAU
SAINTE-FLORENCE
###
A
GLORIANES
JAUNAC
POMEYS
MONTPEZAT-SOUS-BAUZON
FERON
SAINT-JEAN-D'AIGUES-VIVES
MONNEREN
SAINT-BONNET-LES-ALLIER
###
A
BRETTE
CHAMPS
###
A
SOREL-EN-VIMEU
BAUDRECOURT
HEITEREN
ORCINES
LIMEUIL
BURGARONNE
###
A
ROISSY-EN-BRIE
SAINT-GEORGES-ARMONT
YEVRES-LE-PETIT
###
A
HARSAULT
LINAZAY
SERVERETTE
###
A
MONDONVILLE-SAINT-JEAN
GAUSSAN
MARCILLY-SUR-TILLE
KUTTOLSHEIM
HANGARD
MOSNAC
###
A
MALAY-LE-PETIT
BADINIERES
CLERLANDE
FALGA
SAINT-QUENTIN-SUR-SAUXILLANGES
FAVIERES
SAINTS
VARS
GENEUILLE
COLOMBEY-LES-BELLES
###
A
HEURTEAUVILLE
ROSIERES
MONTPINIER
MARSA
MONTHUCHON
MOURON
MOUHERS
DOMPIERRE-SUR-BESBRE
###
A
SAINTE-FOY-DE-LONGAS
BOUEX
VILLERVILLE
PONT-L'ABBE
SAINT-JEAN-PIED-DE-PORT
###
A
CONDES
SAINT-AVOLD
GRAFFIGNY-CHEMIN
ARVIEU
###
A
LEPANGES-SUR-VOLOGNE
SAINT-MAURICE-EN-VALGODEMARD
FONT-ROMEU-ODEILLO-VIA
SAINT-BIHY
###
A
SAINT-MAURICE-DES-NOUES
###
A
ZUYDCOOTE
PUZIEUX
###
A
SAINTE-CECILE-DU-CAYROU
MONSEGUR
###
A
COUERON
###
A
LAHOUSSOYE
BELLEGARDE-EN-MARCHE
###
A
MONTCHATON
CHAMPNIERS
###
A
BLAZIERT
VILLONCOURT
DOIX
QUIRBAJOU
###
A
VERNEUIL-SUR-VIENNE
FIERVILLE-BRAY
COURCELLES-SOUS-MOYENCOURT
###
A
CAGNONCLES
SAINTE-MARIE-DE-VATIMESNIL
###
A
BAYONNE
###
A
MORTZWILLER
###
A
BARRET-SUR-MEOUGE
MONTMOYEN
###
A
HENENCOURT
SAINT-PIERRE-DES-IFS
###
A
CHASSEMY
DOMEVRE-SUR-VEZOUZE
###
A
SISTERON
###
A
EYZAHUT
