###
A
SAINT-MARTIN-LE-REDON
TILLOU
LEZAY
SAINT-JULIEN-DES-CHAZES
###
A
LINTHES
CAZARIL-LASPENES
POPIAN
COUTURES
AJAC
LABATUT-RIVIERE
BELLEFOND
HARDANGES
ROMANS
###
A
CHATEAUVIEUX-LES-FOSSES
ESCOMBRES-ET-LE-CHESNOIS
MESPLEDE
###
A
LINZEUX
PRADELLES
ORSANCO
VILLADIN
VINZELLES
PERN
ROUGEGOUTTE
VOUZAN
###
A
SERMAISE
REXINGEN
MORCOURT
BETTRECHIES
FRANCONVILLE
VILLE-EN-SALLAZ
ROEZE-SUR-SARTHE
ROUBION
VIRA
###
A
MESLAY
SAINT-CHRISTOPHE-DODINICOURT
PREMIAN
ROYAS
SAINT-DENIS-COMBARNAZAT
LONGEVELLE-SUR-DOUBS
HEILIGENBERG
SAINT-BONNET-DE-CRAY
BORT-LES-ORGUES
BECCAS
###
A
SAINT-SYLVESTRE-DE-CORMEILLES
ESCAUDAIN
BEYREN-LES-SIERCK
BAGNEUX
LIORAC-SUR-LOUYRE
AUDERVILLE
CALOIRE
GUILLEMONT
PLOGONNEC
###
A
COINCY
VERNANTES
PONT-D'HERY
AUDEMBERT
VILLIERS-LE-SEC
MARCHAMP
SAINT-SYMPHORIEN-LE-VALOIS
SAINT-FLORENT-DES-BOIS
###
A
SAINT-APPOLINARD
HAUBAN
GRESY-SUR-AIX
CERQUEUX
PRECORBIN
PREAUX-BOCAGE
###
A
VARANGEVILLE
SAINT-FRONT
SAINS-LES-FRESSIN
CURTIL-SOUS-BURNAND
VENDENHEIM
CHEPPY
PERCHEDE
###
A
CLERY-LE-PETIT
SAINT-MARTIN-DE-LA-LIEUE
CASTANDET
VINAX
CELSOY
###
A
VALIGNAT
CITERS
MENIL-ERREUX
AUGUAISE
###
A
MESNOIS
BALANSUN
MORNAY
SAINT-LAMAIN
TINGRY
MONTSINERY-TONNEGRANDE
MARSAS
###
A
ANGLES
THERONDELS
SAINT-LOUP-DE-NAUD
MARZY
LAMATH
MONTASTRUC-LA-CONSEILLERE
ARLEUX
###
A
ESTREES-LES-CRECY
VARRAINS
MONGET
GATUZIERES
###
A
IVERGNY
CRESSE
VAUJOURS
LEZIGNEUX
SAINT-ANDEUX
AUBONNE
AIXE-SUR-VIENNE
###
A
SOUEL
PEVY
MOEZE
INNENHEIM
LYS
###
A
POUILLEY-LES-VIGNES
GARDONNE
###
A
CHAMPIGNEULLES-EN-BASSIGNY
ROOST-WARENDIN
CLERAC
FRASNE-LES-MEULIERES
ARGOUGES
VERNOU-SUR-BRENNE
###
A
JAX
MOYEN
###
A
SAINT-SULPICE-DE-POMMERAY
GARRIGUES
MERVILLE
###
A
MALLERET-BOUSSAC
ESCRENNES
ESTIVAREILLES
LEMBEYE
PALLUAUD
ESSIGNY-LE-GRAND
ARREAU
###
A
DOGNEVILLE
BANNES
TREMBLAY
MURAT
PLOBANNALEC-LESCONIL
ROUJAN
GAP
VERNET-LA-VARENNE
SAINT-MARTIN-DU-TERTRE
PIERREPONT
###
A
BILLY-SUR-OISY
SAINT-CHRISTOL
PIGNAN
MOUILLY
CUFFY
###
A
NARNHAC
SAINT-ROMPHAIRE
SURBA
VESTRIC-ET-CANDIAC
FRONTENAC
###
A
GRANIEU
SAINT-JUST-EN-CHAUSSEE
SAINT-OFFENGE-DESSUS
SAINT-VINCENT-DU-LOROUER
ORCEMONT
BULLY
LAVAULT-SAINTE-ANNE
###
A
TORCY
CHARNY-SUR-MEUSE
VERSIGNY
PERPEZAC-LE-BLANC
###
A
CLEUVILLE
MORVILLE
LAIFOUR
KERTZFELD
###
A
SAINT-PIERRE-EN-PORT
LAGUENNE
###
A
BEAULON
VILLE
MONTADET
CHIDDES
VORGES-LES-PINS
CHANTELOUP
TILHOUSE
SAINTE-LIVRADE
###
A
MARRAY
GERE-BELESTEN
ETABLES
PEYRILLAC-ET-MILLAC
SAINT-MALO-DU-BOIS
###
A
SAINT-JUERY
GAUCIEL
###
A
SAINT-HILAIRE-DE-LOULAY
SAINTE-COLOMBE
GRAFFIGNY-CHEMIN
BUTHIERS
ETOUVELLES
BRICQUEBOSQ
CROSMIERES
GUERCHEVILLE
###
A
NOHEDES
TEILLE
###
A
ASCARAT
FONTANES-DU-CAUSSE
COUDRES
OUZOUER-DES-CHAMPS
###
A
SAINT-MAMET-LA-SALVETAT
###
A
GROS-CHASTANG
BOURDEILLES
CHATEAUNEUF-DU-RHONE
MOULOTTE
COMBAS
###
A
MIRAMONT-SENSACQ
PLOUEC-DU-TRIEUX
CASTANET-LE-HAUT
CHALANDRAY
BEAUCOUZE
###
A
BEAUMONT-LA-FERRIERE
QUEMENEVEN
BOIS-HIMONT
VETHEUIL
LAVINCOURT
###
A
MONTCEL
DURY
ESSERTENNE
GARCELLES-SECQUEVILLE
SAINT-GERMAIN-D'AUNAY
NORREY-EN-AUGE
VENDES
###
A
BELESTA-EN-LAURAGAIS
ARNEKE
GLUX-EN-GLENNE
QUERQUEVILLE
LIZIO
PUCHAY
###
A
GY-L'EVEQUE
###
A
HIRSINGUE
CHAUMES-EN-BRIE
TAUTAVEL
TREMAOUEZAN
TAILLADES
###
A
GUISCARD
LARRET
###
A
HOMMARTING
BOURSAULT
OBERSAASHEIM
MARIGNY-SAINT-MARCEL
###
A
MAULEON-BAROUSSE
BACQUEPUIS
BARNAS
LIVRE-SUR-CHANGEON
LUC-SUR-MER
###
A
MAULAN
###
A
VAUVERT
CHARLY
SAINT-FERJEUX
LAMOTHE-GOAS
LOUVENCOURT
CAMPAGNE
CAMPLONG-D'AUDE
###
A
AUBIN
MONTFERRAND-LE-CHATEAU
CHOURGNAC
ROIVILLE
ESCOT
###
A
POUVRAI
###
A
MALTOT
UZELLE
VILLARS-FONTAINE
###
A
MONTIGNY-LES-CORMEILLES
LERCOUL
AIX-EN-PROVENCE
MONTAUT-LES-CRENEAUX
LISLE-EN-RIGAULT
###
A
ALBON-D'ARDECHE
SAINT-REMY-BLANZY
GLOS-SUR-RISLE
SAINT-BENOIT-LA-CHIPOTTE
BEINE
###
A
SAINT-JEAN-D'AIGUES-VIVES
SAINT-APOLLINAIRE
ECHEVANNES
LEFFINCOURT
###
A
AVILLEY
ERP
ROUET
FRESSE
EXCENEVEX
###
A
CINTEGABELLE
SAINT-MAXIMIN
PONTGOUIN
###
A
SAINT-MARIENS
MERVENT
###
A
NOELLET
CHERVETTES
SAINTE-GENEVIEVE
###
A
POUSSAY
MOULINS-LES-METZ
###
A
SOLAIZE
SAINT-AMANT-DE-NOUERE
###
A
FRESQUIENNES
JUSTINIAC
REUILLY-SAUVIGNY
###
A
RICQUEBOURG
SAINT-MELOIR-DES-ONDES
BAIS
###
A
ESNES
COREN
SAINT-JUST-DE-CLAIX
NAVES
###
A
SEBOURG
SAINT-AUBIN
###
A
MONTCOURT-FROMONVILLE
###
A
TEURTHEVILLE-HAGUE
SAINT-CHRISTOPHE
MARDILLY
###
A
FOURDRINOY
PRECY-SUR-VRIN
MELLIONNEC
SAINT-THEGONNEC
###
A
VONNAS
CRANSAC
###
A
LUTTERBACH
TAYBOSC
VAUX-LES-MOUZON
###
A
JANAILHAC
###
A
BRIENNE
LOUEUSE
###
A
SAINT-HILAIRE-LES-MONGES
SAINT-QUENTIN-EN-MAUGES
###
A
BONSMOULINS
###
A
CALVIAC
ROINVILLE
ANGOS
###
A
GUELTAS
POLIGNY
MARANGE-SILVANGE
###
A
SOMBACOUR
ESCLES
###
A
L'ETOILE
SAINT-LAURENT-DE-NESTE
###
A
COLMIER-LE-BAS
CROZET
###
A
JEANDELIZE
###
A
CUZY
SAINT-PIERRE-CHERIGNAT
###
A
VIESSOIX
WOIMBEY
###
A
VAUMOISE
GREZES
###
A
VEHO
FAUX
###
A
PARCE
DALLET
###
A
NORRENT-FONTES
FOZZANO
PRASLIN
###
A
ORX
PELONNE
VERZENAY
###
A
MONCOURT
TAURIERS
###
A
CAMEMBERT
###
A
TOURVILLE-SUR-ODON
###
A
METZING
###
A
VAUX-MONTREUIL
###
A
ORGEIX
###
A
CAMPLONG
###
A
RIBAUTE
AUMESSAS
###
A
FELINES-SUR-RIMANDOULE
###
A
HALLUIN
###
A
ARLEUF
SAINT-HERNIN
###
A
PONTPOINT
AMY
###
A
ROUVRES-EN-MULTIEN
###
A
THOIRE-SUR-DINAN
###
A
POSTROFF
MACHILLY
###
A
MURES
SAINT-MARTIN-DE-SESCAS
###
A
GRANDCHAMP
###
A
DONNEMAIN-SAINT-MAMES
###
A
RAMPAN
###
A
SAINT-FELIX
THOARD
NEUILLY
###
A
GUICLAN
###
A
LONGEVES
###
A
DROM
###
A
SAINT-MARTIN-D'ARCE
###
A
FELICETO
###
A
COMBOVIN
###
A
JAZENEUIL
###
A
GAVARNIE
###
A
TADEN
###
A
ANGEVILLERS
###
A
CLICHY-SOUS-BOIS
###
A
SOUESMES
###
A
URZY
###
A
PALINGES
###
A
COURS
###
B
HERMELANGE
###
B
HERICY
###
B
PONT-DE-LARN
