###
A
MOUZON
SAINT-SYLVESTRE
CHAUVIREY-LE-VIEIL
PREMONTRE
###
A
PUY-GUILLAUME
BOUZONVILLE-AUX-BOIS
ESCOIRE
ACCOUS
BELVEZE-DU-RAZES
BOURROU
OULCHES
SAINTE-AGNES
DOMMARTIN-LE-SAINT-PERE
LAGNICOURT-MARCEL
###
A
BREUX-JOUY
PARGNY-LES-BOIS
SAINT-AUBIN-FOSSE-LOUVAIN
FREDILLE
SAINTE-CECILE
BONREPOS-SUR-AUSSONNELLE
###
A
MAUZAC
ERMENONVILLE-LA-PETITE
PLANAY
GUERLESQUIN
PAULHIAC
SAINT-CASSIEN
SORNAY
BILLANCELLES
###
A
SAINT-EGREVE
THEZAN-LES-BEZIERS
NEUVILLY
PONTEYRAUD
WAILLY-BEAUCAMP
###
A
PASSAVANT-LA-ROCHERE
SAINT-GERMAIN-L'AIGUILLER
PREUSEVILLE
PAGNEY
###
A
CAMIAC-ET-SAINT-DENIS
SUNDHOUSE
OGNEVILLE
MONT-DEVANT-SASSEY
VOGLANS
ALLONZIER-LA-CAILLE
CHOISY
###
A
SAINT-LO-D'OURVILLE
HEUDICOURT
SILLY-TILLARD
QUELMES
SAINT-PRIEST-DES-CHAMPS
GOURGUE
###
A
BUSSIERES
GAILLAN-EN-MEDOC
JARD-SUR-MER
OBERMORSCHWIHR
AUTRY-LE-CHATEL
MENDE
TOURRETTE-LEVENS
OBERMODERN-ZUTZENDORF
VIRARGUES
###
A
BERTRICOURT
SOUBREBOST
LIANCOURT-SAINT-PIERRE
BERRU
MORLAIX
###
A
BELLECOMBE
BEAUNE-D'ALLIER
ROGUES
BOUSSELANGE
BUSIGNY
BROUT-VERNET
EGLETONS
ETZLING
GRAND-AUVERNE
###
A
NEUVILLE-LES-DAMES
CHENAY
MONGAUSY
DOMPCEVRIN
BELCASTEL-ET-BUC
###
A
HOCHSTATT
COMBRAY
THIANCOURT
CLAIRVAUX-D'AVEYRON
SAINT-NICOLAS-DE-LA-TAILLE
###
A
CANALS
SAINT-AUBIN-DE-BRANNE
SAINT-FERGEUX
MONTAUT
BELLEGARDE-SUR-VALSERINE
SAINT-FELIX-DE-L'HERAS
NEUILLY-LE-VENDIN
###
A
SAINT-QUENTIN-SUR-NOHAIN
HAUDRECY
MOUSSY
HUEZ
PRAYE
CILLY
###
A
SOULTZ-SOUS-FORETS
DRAIN
CHAUX-CHAMPAGNY
PUJAUT
CRAMANS
QUIMPER
LEZIGNEUX
###
A
SAINT-MARCELIN-DE-CRAY
DUREIL
HOMBOURG-HAUT
###
A
BONAS
LOCQUIREC
TEILLAY
CONDE-SUR-MARNE
SAUVE
###
A
SAINTE-ALAUZIE
GARGENVILLE
SENTEIN
SAINT-THOMAS-DE-COURCERIERS
###
A
GUEMPS
SERBANNES
SAINT-ANDRE-SUR-CAILLY
MIALET
BRASSY
###
A
SAINT-AIGNY
PUISIEUX
MADEGNEY
PEYRUSSE
SUGERES
LOREUX
###
A
DREFFEAC
CHATILLON-SUR-CHALARONNE
FOURNIVAL
PUGEY
BRUNEMONT
###
A
BETTONCOURT
NEGREPELISSE
CHARENTON-DU-CHER
BENTAYOU-SEREE
SAINT-AUBIN-SUR-AIRE
BRIARE
COURCHATON
###
A
FRELAND
POISAT
SURVILLIERS
SAINT-FIRMIN
HUSSEREN-WESSERLING
BRIE-ET-ANGONNES
###
A
BENNWIHR
NOTRE-DAME-DU-ROCHER
WINTZENHEIM
BRECY-BRIERES
MONTREGARD
GIRY
###
A
LISSEUIL
BERCHE
VAYRES
SAINT-GENCE
SUZE
###
A
DANZE
BEUGNIES
NOISEAU
HARDINVAST
MAIRIEUX
VILLEMUR-SUR-TARN
ESLOURENTIES-DABAN
PEYRIERE
###
A
MONTGRADAIL
SALINS
BESSEY-LA-COUR
ORBIGNY-AU-MONT
MORLHON-LE-HAUT
ELESMES
DOMPIERRE-SUR-VEYLE
###
A
BRETTE-LES-PINS
ALLEMANS
SAUVETERRE
SAINT-ARNOULT-DES-BOIS
###
A
CREPY
SAINT-GEORGES
GOUHENANS
SCIEZ
###
A
RAIDS
RIEUX-VOLVESTRE
CHAZEUIL
COYRIERE
CHARPENTRY
###
A
CLEON
SAINT-MARTIN-DU-TILLEUL
LAMILLARIE
FOURQUES
PLANCY-L'ABBAYE
SOIGNOLLES
REININGUE
###
A
OUZOUER-SUR-TREZEE
SALSIGNE
SANA
SAUCATS
BEIRE-LE-CHATEL
SAINT-OUEN-LA-ROUERIE
###
A
SAINT-LEGER-LA-MONTAGNE
BOUCOIRAN-ET-NOZIERES
###
A
LANOUEE
CHAPDES-BEAUFORT
DOUVRES-LA-DELIVRANDE
RENNEPONT
FLEVILLE-LIXIERES
###
A
ORIS-EN-RATTIER
DARMANNES
LECHATELET
SAINT-HILAIRE-FONTAINE
BESSONCOURT
SAINT-MARTIN-D'OYDES
###
A
THUGNY-TRUGNY
SAINT-GEORGES-SUR-ALLIER
BENESSE-LES-DAX
MOON-SUR-ELLE
###
A
PONTMAIN
NILVANGE
SOMPT
THORAILLES
SAINT-PE-DE-BIGORRE
COUCY-LES-EPPES
###
A
GUENIN
SOUEIX-ROGALLE
RODALBE
###
A
HAUTEFOND
VILLAINES-SOUS-LUCE
ARSY
MEURSANGES
SAINT-MAURICE-DE-LIGNON
###
A
LEZ-FONTAINE
SAINT-MARTIN-LONGUEAU
HABAS
ABITAIN
###
A
TREMENTINES
CHIS
ERAINES
SAINTE-SUZANNE
###
A
OSSE
NANTEUIL
NEUNKIRCHEN-LES-BOUZONVILLE
RANSPACH-LE-BAS
###
A
BASSILLON-VAUZE
GALLUIS
MASCARVILLE
VIGNY
SAINT-LAURENT-DES-BOIS
###
A
SAINT-ANDRE-SUR-ORNE
SAINT-VICTOR-DE-RENO
BATHELEMONT
METHAMIS
RI
###
A
CLELLES
SAINT-ETIENNE-DE-CHIGNY
JUILLAGUET
CAMBRAI
BEAUTIRAN
ROUFFANGE
###
A
SAINT-ILLIERS-LE-BOIS
CUTTING
PASSA
MUILLE-VILLETTE
CHASSY
###
A
SAINT-SAUVEUR
MALBOSC
LAMBRES-LEZ-DOUAI
SAINT-JACQUES-DE-NEHOU
###
A
SAINT-JULIEN-DU-PINET
SAINT-GERAUD
SAINT-MARTIN-DE-CARALP
BAERENDORF
LOUVILLIERS-LES-PERCHE
###
A
VADONVILLE
VILLECERF
MOULLE
FREIX-ANGLARDS
DAMPIERRE-EN-BRESSE
LAMBREY
###
A
MAGNY
BOMBON
LAVATOGGIO
###
A
BRIE-SOUS-CHALAIS
ARCANGUES
MOUTHIER-EN-BRESSE
CAPDENAC
RANCHY
BURELLES
SAINT-DENIS-D'ORQUES
###
A
LIMONEST
BEAUJEU-SAINT-VALLIER-PIERREJUX-ET-QUITTEUR
VINZELLES
HOUDETOT
MOUSTOIR-AC
###
A
FLASSIGNY
BERLANCOURT
SAINT-PREUIL
AUZELLES
###
A
DONNAZAC
CHAMPS-ROMAIN
MOLLKIRCH
ARBUSIGNY
###
A
PARROY
NEVILLE-SUR-MER
CHAPPES
LISSAY-LOCHY
MEILLON
VEZINS
FRAISSE
SAINT-BOIS
PARGNY-FILAIN
###
A
SAINT-GREGOIRE
SAINT-MAURICE-DE-TAVERNOLE
###
A
THORIGNE-FOUILLARD
RADINGHEM
VELOGNY
GRAIX
ALBAS
###
A
CAGNAC-LES-MINES
DIANE-CAPELLE
SERPAIZE
BASSOUES
SAINT-HILLIERS
CARNIERES
###
A
GORREVOD
FEROLLES-ATTILLY
###
B
VERN-SUR-SEICHE
CROCE
BROSSES
GIBLES
BELBERAUD
ANZAT-LE-LUGUET
CULETRE
DERBAMONT
###
B
TOTAINVILLE
SAINTE-MARIE
MONDIGNY
WOIPPY
SAINT-PERE
BURLATS
###
B
NERY
PERIGNY
LIGNY-LES-AIRE
AMIGNY
NENIGAN
MAYRES
DIFFEMBACH-LES-HELLIMER
BAIN-DE-BRETAGNE
SAINT-LAURENT-DE-LA-PREE
SAINT-SARDOS
THOUROTTE
###
B
BACQUEVILLE-EN-CAUX
SOUGE
POLLIONNAY
PRINQUIAU
CARNAC
OYE-ET-PALLET
DENAIN
BOUST
MIGNERETTE
BRECY
COULONGE
FORBACH
###
B
BERGERES-SOUS-MONTMIRAIL
BEHASQUE-LAPISTE
CERNEUX
MEZERES
CERCOUX
MAISONCELLES-PELVEY
###
B
FLORENTIN-LA-CAPELLE
VACOGNES-NEUILLY
ANNONAY
SISSONNE
###
B
MONTCEAUX-LES-PROVINS
VIDEIX
###
B
SAINTE-AURENCE-CAZAUX
SAINT-FERRIOL
GREEZ-SUR-ROC
ESSIGNY-LE-PETIT
MEES
###
B
SAINT-DOMINEUC
VILLENEUVE-LA-COMPTAL
GAZOST
GENCAY
PECH
JOUHE
SAINT-OUEN-EN-CHAMPAGNE
NOVALAISE
ZOUAFQUES
VELLEROT-LES-VERCEL
###
B
PERET-BEL-AIR
SAINT-ANDRE-DE-ROQUELONGUE
CELLES-SUR-AISNE
DOLUS-D'OLERON
COULOUME-MONDEBAT
SAINVILLE
TSINGONI
GOMELANGE
BUISSON
ESCHWILLER
SAVIGNY-SUR-BRAYE
SAINT-MARTIN-SUR-LAVEZON
BLENEAU
CASTELNAU-MONTRATIER
###
B
SAINT-ANTOINE
BALGAU
MONT-SAINT-JEAN
BORDERES-SUR-L'ECHEZ
###
B
ENGLEFONTAINE
DAMMARIE-SUR-SAULX
SAINT-BRICE
ISSY-L'EVEQUE
JANDUN
GRATENS
BAIGNEUX-LES-JUIFS
BONNETABLE
FURCHHAUSEN
L'ABSIE
BIDON
###
B
LEBUCQUIERE
VILLENEUVE-LES-CHARNOD
SAINT-QUENTIN-LES-MARAIS
VELVING
BESSE-SUR-BRAYE
MONTIRAT
BUSSIERE-BOFFY
LAGNY-SUR-MARNE
JUVIGNY-SUR-ORNE
GRIVESNES
MEZILLES
###
B
GOUTTIERES
PIS
NESLE-L'HOPITAL
CHEVIGNY
VILLERS-SAINT-GENEST
###
B
CHAMBON
SAINT-NICODEME
PRADES-D'AUBRAC
MENERBES
TERNUAY-MELAY-ET-SAINT-HILAIRE
LENHARREE
ESQUIBIEN
VOUHE
###
B
MOUEN
ROSNY-SOUS-BOIS
AUBREVILLE
GARIGNY
TEIGNY
LOUBARESSE
GUEURES
SAULLES
FOISSY-SUR-VANNE
###
B
BESNANS
PONT-NOYELLES
MESSEI
LAVANS-QUINGEY
TILLOY-LES-HERMAVILLE
COUSSEY
GODENVILLERS
VADANS
MARTAINVILLE
MONTMIRAIL
###
B
WATRONVILLE
SAINT-AUBERT
CAMARET-SUR-AIGUES
RIEDSELTZ
OCANA
MARSEILLE-EN-BEAUVAISIS
###
B
GOURNAY-SUR-ARONDE
COURNON-D'AUVERGNE
CREYSSAC
CASTERA-LANUSSE
DOLMAYRAC
###
B
ALLY
ARNAGE
LAAS
BEAUMONT-MONTEUX
BANDRABOUA
###
B
FLEURIEUX-SUR-L'ARBRESLE
COURDEMANCHE
DOZULE
CHAMBLAC
MONTDIDIER
SAULCET
ORON
BUSSY-LE-REPOS
CHAMP-DOLENT
ROSIERS-DE-JUILLAC
###
B
FONTAINE-LES-CLERCS
CORNILLAC
VILLERS-SUR-NIED
CHALINARGUES
BOUY-SUR-ORVIN
###
B
COLLANDRES-QUINCARNON
GUEBWILLER
AFFOUX
###
B
AUTHON-EBEON
AMBRUS
MALAY
LADIGNAC-SUR-RONDELLES
CAUSSE-ET-DIEGE
###
B
SAINT-DENIS-SUR-SARTHON
MEZIERES-SUR-PONTHOUIN
###
B
OTTERSTHAL
SAINT-SYLVAIN
SEGRE
DEVEZE
CHUSCLAN
OBERDORF-SPACHBACH
DIEFFENBACH-AU-VAL
BOUCHON
OGNOLLES
QUISSAC
SAINT-JULIEN-DE-CASSAGNAS
###
B
MIRANNES
VIEUVY
PRUNET
AUTOUILLET
QUILEN
VITRAC
###
B
PARDIES-PIETAT
GRUISSAN
BAZOCHES-SUR-HOENE
SAINT-CYR
ECLY
BIHUCOURT
CONTEVILLE
SAINT-JOSEPH
###
B
CENDRAS
BAILLY-ROMAINVILLIERS
PENNAUTIER
LASSAY-SUR-CROISNE
SAINT-PEY-DE-CASTETS
SAINT-BENOIT-LA-FORET
AVESNELLES
###
B
AUBETERRE-SUR-DRONNE
BENDEJUN
MOLPHEY
###
C
CHERVEY
THIVERNY
###
C
PLOUVORN
FONTETTE
CHATELLERAULT
###
C
BRUNVILLE
VILLEVIEUX
ROPPENHEIM
TERJAT
AUFFAY
ANTONAVES
OETING
CHAMPFLEURY
ROCHEJEAN
ETREHAM
###
C
ESCOVILLE
PUYCORNET
ENCHASTRAYES
CHALLAIN-LA-POTHERIE
