###
A
TERMIGNON
FERRIERES-LES-VERRERIES
MERCIN-ET-VAUX
CAZAUGITAT
GUISY
PALLANNE
CELLES-SUR-OURCE
SOUFFLENHEIM
###
A
EU
VANVEY
BRETIGNY
THIZY
TAIZE
SAINT-DIDIER-SOUS-AUBENAS
SAINT-CIRQ
ARRODETS
###
A
VELANNE
ROEUX
MOUILLAC
GAVARRET-SUR-AULOUSTE
CHAPEIRY
MESSIA-SUR-SORNE
###
A
CAVILLARGUES
SAINT-CHRISTOPHE-D'ALLIER
MESNIL-MARTINSART
GRANDFONTAINE-SUR-CREUSE
SOMMEILLES
###
A
NEUVEGLISE
VAUDESINCOURT
AVESNES-EN-BRAY
JUZIERS
UCHIZY
SAINT-LONGIS
SAILLY-AU-BOIS
ORIEUX
###
A
VILLENEUVE-DE-MARC
MARFONTAINE
VICQ-D'AURIBAT
WASSERBOURG
BERNOUVILLE
AUBONCOURT-VAUZELLES
###
A
JUVINCOURT-ET-DAMARY
HALINGHEN
ANGLES
SENERGUES
GRUNY
AUBIN
HOMBOURG
###
A
SPELONCATO
SAINT-BEAUZILE
SOS
LANGOIRAN
SEVIGNY-LA-FORET
MANENT-MONTANE
OBERLARG
###
A
FRESNES
POILLY-SUR-THOLON
ARS-EN-RE
CERNAY-LA-VILLE
SAVOURNON
###
A
VILLECELIN
LAGARDE-D'APT
CHAMP-DOLENT
SAINT-VINCENT-DE-BOISSET
AVOT
ALLONS
###
A
CHENEREILLES
MARGUERON
AJAC
LAGRUERE
GUENANGE
COURNOLS
###
A
GINESTET
ARNOS
SAINT-NICOLAS-LA-CHAPELLE
COIFFY-LE-HAUT
LAILLY
CHANIAT
###
A
BELMONT
YOLET
MONTSERET
SAINT-CHARLES-LA-FORET
OBERDORF-SPACHBACH
CALVIGNAC
###
A
MONDONVILLE
MONTBEUGNY
LANDREVARZEC
MANA
LIEFFRANS
###
A
ETOILE-SAINT-CYRICE
MARIMBAULT
SEILLAC
METTRAY
TANCONVILLE
SALINS-LES-BAINS
###
A
URCUIT
ASQUINS
VIEURE
AULNAY-SUR-ITON
LANTABAT
MONTFARVILLE
###
A
BESANCON
ISTRES
SAINT-JACQUES-SUR-DARNETAL
METZ-LE-COMTE
SOULANGES
SAN-GIOVANNI-DI-MORIANI
###
A
RINGELDORF
PLOUIGNEAU
ALLOUAGNE
CERVILLE
GROISES
BOIGNY-SUR-BIONNE
SAULCHERY
BIRIEUX
###
A
SAINT-JEAN-DU-CORAIL
ALLERY
COULANGERON
ANTHENY
BROUCHAUD
###
A
PULIGNY-MONTRACHET
MOIGNY-SUR-ECOLE
CHASSEY-LE-CAMP
HOUDREVILLE
MANDRES-LES-ROSES
OEYREGAVE
SAINT-MAURIN
###
A
ARGELOS
PLELAN-LE-PETIT
NOTRE-DAME-DE-BELLECOMBE
DURDAT-LAREQUILLE
AIBRE
SAINTE-HERMINE
SAINT-NAZAIRE-LES-EYMES
SOYERS
###
A
VERNOT
TREMONZEY
###
A
THELONNE
BADEFOLS-D'ANS
VILLERET
PLERGUER
BERRIAC
BULLIGNY
LUDES
SURFONTAINE
###
A
ETALANTE
FERFAY
LIMENDOUS
SAINT-VIVIEN-DE-MEDOC
###
A
ECLOSE
CREVECOEUR-LE-PETIT
MOULON
DECAZEVILLE
VILLECHETIVE
###
A
LIGNAN-SUR-ORB
PRALOGNAN-LA-VANOISE
AUXON
XANTON-CHASSENON
VILLARS-LES-DOMBES
###
A
FAVRESSE
SALVAGNAC-CAJARC
FAYENCE
SAINT-BONNET-DE-FOUR
REILHAC
LONGAGES
ESSERTS-BLAY
###
A
SAINT-AUBIN-SUR-MER
FLEURY
ANGOS
ACHIET-LE-PETIT
COURS-LES-BARRES
###
A
MONT-SAINT-JEAN
HANCOURT
BOISSEUILH
CHATTE
WALDOLWISHEIM
AMPILLY-LE-SEC
VERNIOLLE
LOGELHEIM
###
A
NOYELLETTE
MORIGNY-CHAMPIGNY
BRANCOURT-EN-LAONNOIS
PLOUNEVEZEL
SAINT-MARCOUF
GEORFANS
HEIWILLER
###
A
AILHON
MIGRE
MANSENCOME
SAINT-ANDRE-SUR-SEVRE
EPERRAIS
###
A
NEUVILLE-SUR-VANNE
RIOZ
LABERGEMENT-LES-SEURRE
FARGUES
MONTIGNY-SUR-CRECY
###
A
NOUEILLES
HOTONNES
ESTAMPES
SAINT-DIZIER
FRAMICOURT
COYOLLES
BERNAY
LADON
###
A
SAINT-MARTIN-LE-MAULT
ECHEMINES
MAZIERES-EN-MAUGES
SEVRES-ANXAUMONT
BOIS-COLOMBES
###
A
NOVIANT-AUX-PRES
FRANCLENS
PALLUAU-SUR-INDRE
SELTZ
SAINT-MARTIN-LA-CAMPAGNE
GERGNY
VALOREILLE
###
A
NANTEAU-SUR-LUNAIN
GOUTS
NERS
MOLLANS-SUR-OUVEZE
SAINT-DIDIER
PLICHANCOURT
SANGATTE
FRIESENHEIM
###
A
SAINT-GERMAIN-SUR-L'ARBRESLE
CASTEIL
BLAMONT
PETITMONT
COUQUEQUES
CUBRY-LES-FAVERNEY
###
A
PRINSUEJOLS
CHAUDENAY
BASSILLAC
MILHARS
BERFAY
MALANCOURT
BONVILLET
###
A
SAINT-MEDARD-EN-JALLES
IZON-LA-BRUISSE
MADIRAN
BERNEUIL
VERSAILLEUX
###
A
DOMGERMAIN
TREMOINS
LYS-SAINT-GEORGES
PRIGONRIEUX
SAINT-LAURENT-SUR-MER
GASTINES
###
A
MONESTIER
COLIGNY
CIVRIEUX-D'AZERGUES
FIX-SAINT-GENEYS
PEYRAT-LA-NONIERE
VANLAY
###
A
MOMY
MENETREOL-SOUS-SANCERRE
CHEMERY-LES-DEUX
LISLE-SUR-TARN
VIELLENAVE-D'ARTHEZ
###
A
MALICORNE-SUR-SARTHE
MONTFORT-LE-GESNOIS
PUYBRUN
OBERVISSE
###
A
ASNELLES
DIEFFENBACH-AU-VAL
PAJAY
ARCAY
PICQUIGNY
BOUILLANTE
MAGNICOURT-SUR-CANCHE
###
A
ANDON
MUHLBACH-SUR-BRUCHE
LONGAULNAY
SAINT-HILLIERS
BRIGNANCOURT
MEZILHAC
OUVILLE-LA-BIEN-TOURNEE
###
A
CHASTELLUX-SUR-CURE
PRINGY
ROZIERES-SUR-MOUZON
MOTREFF
BOUST
WACQUEMOULIN
ROTTELSHEIM
###
A
SAINT-SULPICE-LA-FORET
L'HERMITIERE
###
A
SAINT-MARC-LA-LANDE
SAINT-SIGISMOND
TROCHE
AUZAINVILLIERS
NIEDERHAUSBERGEN
###
A
LESTELLE-BETHARRAM
ABAUCOURT
BOUTX
SAINT-ROMAIN
SAINT-SORLIN-EN-VALLOIRE
###
A
CONDRIEU
POYANS
CHAMPEAUX-SUR-SARTHE
SOUBRAN
VILLERS-LE-SEC
DONZERE
###
A
REYNES
RAUVILLE-LA-PLACE
PLESNOY
BEAUMESNIL
ANOULD
PERQUIE
FAIN-LES-MOUTIERS
###
A
GUITERA-LES-BAINS
SAINT-MAUR-SUR-LE-LOIR
GOMETZ-LA-VILLE
LIESLE
LOUPES
###
A
LACAPELLE-BIRON
CROSVILLE-LA-VIEILLE
MONTMACQ
CHAILLY-SUR-ARMANCON
ANCIENVILLE
SAINT-AUBIN-CHATEAU-NEUF
###
A
LARBONT
ATHEE
ECRAMMEVILLE
CISSE
SAINT-FIRMIN-DES-BOIS
###
A
LEDAS-ET-PENTHIES
VILLEFRANCHE
LIERAMONT
THELUS
VERNON
BIRON
###
A
LANEUVELLE
SAINT-SAUVEUR
VERVINS
MAILLERONCOURT-CHARETTE
HYEMONDANS
CHARANCIEU
PALAZINGES
FRANCILLON-SUR-ROUBION
CROISSY-BEAUBOURG
###
A
FRECHOU
CREVECOEUR-LE-GRAND
MONTLOUIS
BAONS-LE-COMTE
LIMEYRAT
ECKARTSWILLER
###
A
VILLETTE-DE-VIENNE
BOUFFLERS
LIGNE
BARBASTE
ARTOLSHEIM
###
A
VASSY
LOUBERSAN
SAINT-CYPRIEN
SAINT-NICOLAS-DE-LA-HAIE
AVIGNON
###
A
MANHEULLES
SAINT-MAIXANT
###
A
CASTELRENG
LORGUES
COGOLIN
ARNE
COMBERANCHE-ET-EPELUCHE
LOUVIERES
###
A
PEAS
CAMBON-ET-SALVERGUES
AVRAINVILLE
SAINT-MARTIN-DES-BOIS
BENAIX
CORAY
MONTAMAT
CORTE
FREYCHENET
BUTRY-SUR-OISE
###
A
VRAIVILLE
AUTREY-LES-GRAY
BRUNELLES
UGNY-LE-GAY
THOLLON-LES-MEMISES
###
A
CALENZANA
EYCHEIL
SAINT-MICHEL-LABADIE
BOULIGNY
PENVENAN
AUMATRE
###
A
CASTET-ARROUY
JEUX-LES-BARD
SAINT-MARTIN-DON
SAINT-GERMAIN
GROFFLIERS
VILLE-SOUS-ANJOU
CHARBONNIERES-LES-VARENNES
COLPO
###
A
SAINT-AGOULIN
TAUSSAC
SAINT-BONNET-EN-BRESSE
BERBERUST-LIAS
ROSENAU
IBOS
###
A
AUTRECHE
SAULGOND
BITSCHHOFFEN
COUVAINS
JUJOLS
NEUVIC
###
A
SAINT-DENIS-SUR-SARTHON
PERTUIS
CIVAUX
ROLLANCOURT
###
A
CHATENAY-MALABRY
CONGRIER
SAINT-JEAN-DE-FOLLEVILLE
POURRAIN
TOUJOUSE
OUZOUER-LE-DOYEN
###
A
MAGNAC-LAVAL
VOLVENT
SAINT-ALBAN
LESPIGNAN
###
A
FLESSELLES
MOUTERRE-SILLY
VIEUX-LIXHEIM
ORNY
MONTACHER-VILLEGARDIN
###
A
CHILLEURS-AUX-BOIS
THOUARE-SUR-LOIRE
###
A
SAINT-GANTON
TRUGNY
###
A
SAINT-MEME-LES-CARRIERES
BATILLY-EN-GATINAIS
CLARACQ
L'HOPITAL-LE-GRAND
NEUVY-GRANDCHAMP
THERVAY
###
A
BAUGE
BAUVIN
###
A
FONTAINE-LAVAGANNE
JATXOU
LESPOURCY
###
A
SAINT-GERON
BRAN
CARCHETO-BRUSTICO
###
A
ORDIZAN
BONNEMAIN
CLESLES
FRANGY
VELORCEY
###
A
TREBEURDEN
NEVY-LES-DOLE
LELEX
VEZERONCE-CURTIN
SAINT-DENIS-DE-MERE
###
A
LONGCHAMP-SOUS-CHATENOIS
SAINT-VINCENT-LE-PALUEL
###
A
NOUART
BRAISNES
VERISSEY
SAINT-FRANCOIS-DE-SALES
###
A
FREMONVILLE
PRESSIGNAC-VICQ
CHAMPFREMONT
LONGECHENAL
###
A
CHEZAL-BENOIT
ERCHIN
RIMONDEIX
ECLY
###
A
NUEIL-SUR-LAYON
VILLAUDRIC
CULMONT
HADANCOURT-LE-HAUT-CLOCHER
GIONGES
###
A
BLANDAINVILLE
BEAUMETTES
BEAUMONT-LES-VALENCE
BERTHOLENE
BORDERES
###
A
MONTS-EN-TERNOIS
CATTEVILLE
RAILLEU
###
A
WEST-CAPPEL
###
A
MARCY
MAINCY
SARRY
BIGNAC
VALHUON
SAINTE-HELENE-SUR-ISERE
FLACEY
LUZENAC
###
A
MONTS-EN-BESSIN
VEAUNES
AUZOUVILLE-AUBERBOSC
ROCHE
###
A
VENEJAN
CONDEON
###
A
PRIZY
###
A
HOUPLINES
###
A
PREMEYZEL
DRUELLE
HERMEVILLE
CLECY
###
A
VOUECOURT
BEZINGHEM
LINY-DEVANT-DUN
VERLINCTHUN
###
A
FLORENTIN
SAINT-JEAN-DE-NIOST
DOUVILLE-SUR-ANDELLE
NOUHANT
###
A
SARRIANS
FARAMANS
BAREMBACH
###
A
THOLLET
MONGAUSY
PONTIVY
COUCHES
CANDOR
###
A
CAZENAVE-SERRES-ET-ALLENS
BLANDOUET
###
A
BAGNOLS
CHATENAY-MACHERON
FARSCHVILLER
FROIDFOND
HEIMSBRUNN
WITTES
###
A
SAINT-MAURICE-AUX-FORGES
QUINTIGNY
###
A
BRIE
SAINT-BONNET-DE-BELLAC
CHAUDEYRAC
MUSSY-SOUS-DUN
NAGES-ET-SOLORGUES
LANDANGE
###
A
DAVAYAT
DOMMARTIN
MONTAREN-ET-SAINT-MEDIERS
###
A
JAS
NYONS
THIESCOURT
WALLERS
HULTEHOUSE
###
A
GEE-RIVIERE
GROUGIS
BUST
VEUILLY-LA-POTERIE
FLAGNAC
SILLANS-LA-CASCADE
CHANTES
CUNFIN
###
A
CUCHERY
PLANRUPT
MAGNY-LA-FOSSE
BARREME
FICHEUX
PIEGUT
FRAYSSINHES
###
A
MARNES-LA-COQUETTE
FERVACHES
BEHUARD
###
A
SAINT-MEDARD-D'EYRANS
BOUYON
PEYPIN-D'AIGUES
###
A
VILLERS-VERMONT
SAINT-PAUL-DU-VERNAY
###
A
SAINT-ANDRE-D'EMBRUN
AUGNE
ESMOULINS
MESNIERES-EN-BRAY
TILLOY-LEZ-MARCHIENNES
###
A
MONTIERAMEY
SAINT-BROINGT-LE-BOIS
SAINT-CERNIN-DE-LARCHE
BONNEUIL-SUR-MARNE
PAIMPOL
###
A
MESSINCOURT
BRIARE
SAINT-VINCENT-D'OLARGUES
###
A
TOURTROL
BOIRY-SAINT-MARTIN
SAINT-AUBIN-LE-CAUF
BRILLON-EN-BARROIS
VIEUX-BOUCAU-LES-BAINS
MASLEON
BARON
MONTILLOT
###
A
MARLY-LE-ROI
SAINT-GERMAIN-LANGOT
LUBRET-SAINT-LUC
RANGECOURT
CERIZY
###
A
AMBLENY
LABASTIDE-DU-HAUT-MONT
BONNEUIL-EN-VALOIS
###
A
TREGLONOU
DEVESSET
SAINT-MAXIRE
ESCALLES
COX
MANTET
###
A
MIJANES
BARSAC
###
A
CATIGNY
CHAPDES-BEAUFORT
RIBEMONT
HENFLINGEN
SELLES
MONT-CAUVAIRE
GERAISE
###
A
SAINT-MAIME
SAINT-PAL-DE-CHALENCON
###
A
VILLENEUVE-LES-AVIGNON
LABARTHE-BLEYS
###
A
FRANCHEVILLE
MEZIERES-SUR-ISSOIRE
SAINT-PIERRE-D'ARTHEGLISE
ARROUEDE
LUGAIGNAC
###
A
AUXANGE
VEIX
CHAMBON-LA-FORET
ONCY-SUR-ECOLE
SAINT-AVIT-SAINT-NAZAIRE
BLESLE
COIFFY-LE-BAS
###
A
URTACA
CRESSAT
###
A
BOULIEU-LES-ANNONAY
BAZOUGES-SUR-LE-LOIR
SAINTE-FOY-TARENTAISE
MENGLON
NOTRE-DAME-DU-TOUCHET
SAINT-SORNIN-LA-MARCHE
BEUVRAIGNES
###
A
PENTA-ACQUATELLA
AUVERS-LE-HAMON
GENEY
THESY
###
A
ANNEYRON
###
A
SAINT-QUENTIN-EN-MAUGES
CAMARET-SUR-MER
CRUEJOULS
RAVES
BREHAL
###
A
HAGETMAU
BRASLOU
DUN-LES-PLACES
###
A
MONTIGNY-LES-CONDE
RAVENOVILLE
NIEDERLAUTERBACH
###
A
DROIZY
BERLENCOURT-LE-CAUROY
###
A
EPINAY-SUR-ORGE
CHEFFES
LION-SUR-MER
SILLANS
SAINT-LEGER-BRIDEREIX
SAINT-LYS
###
A
ARTEMPS
ERLON
BUSSANG
###
A
GREVILLERS
MARIGNE-LAILLE
CRUGEY
VILLERSERINE
###
A
CAPDENAC
PRENOVEL
SAINTE-MARIE-DE-VAUX
###
A
SENTILLY
SAINT-ANTOINE-LA-FORET
SAINT-GEORGES-DE-ROUELLEY
###
A
SAINT-VICTOR
VILLAC
###
A
SAUX
MONTCARRA
###
A
CERNAY-LES-REIMS
IGE
LORETO-DI-TALLANO
LEUDEVILLE
###
A
MATHAY
SARI-SOLENZARA
MONTFERRAT
PLUGUFFAN
NEUBLANS-ABERGEMENT
NEVY-SUR-SEILLE
###
A
CASSEN
PLAIGNE
BRETHENAY
MEREY
###
A
PRUGNANES
PLOUHINEC
FERRIERES
SAINTRY-SUR-SEINE
###
A
TURRETOT
NOTRE-DAME-DE-RIEZ
MONCEAU-LE-WAAST
CORDONNET
AVAILLES-THOUARSAIS
GER
###
A
SAINT-MARTIN-LE-CHATEL
###
A
AUSSILLON
HERMEVILLE-EN-WOEVRE
VEILLY
###
A
FOURGES
CHOMELIX
PLUMELIN
###
A
VILLE-AU-MONTOIS
VALMONT
THEZA
###
A
EMERCHICOURT
GUERBIGNY
###
A
VILLY-LE-PELLOUX
SAINT-ANGEL
###
A
NIEUL-LES-SAINTES
QUIESTEDE
BILLY-SOUS-MANGIENNES
SOLEILHAS
TREFLEVENEZ
###
A
SAINT-JULIEN-DE-BRIOLA
SOMAIN
ETRAY
GARLIN
COUPRAY
###
A
COURCELLES-EN-BARROIS
COMMENSACQ
GABARNAC
MONTCUIT
###
A
SAINT-AULAIRE
GIUNCHETO
HOUCHIN
###
A
BARRAUTE-CAMU
BOQUEHO
###
A
ESPALION
LACENAS
VITRY-EN-MONTAGNE
FLESQUIERES
###
A
GONCELIN
PARMAIN
GRENOIS
AUTHIOU
VILLIERS-SAINT-BENOIT
###
A
PIREY
###
A
GODONCOURT
ORADOUR-SAINT-GENEST
CAUMONT-SUR-ORNE
###
A
SAINT-FLORENT-SUR-AUZONNET
LETTEGUIVES
ARC-SOUS-MONTENOT
###
A
BOURESCHES
MONTIGNY-LES-MONTS
BRION
WICRES
CASTELNAU-MONTRATIER
###
A
COUR-SAINT-MAURICE
CHALONVILLARS
CALAN
VERBIESLES
###
A
GRUSON
CRAZANNES
###
A
FOUQUEURE
CORME-ECLUSE
MONTOUSSIN
###
A
FAULX
BELLEYDOUX
###
A
FONTENAILLES
LIGNEVILLE
COUZIERS
###
A
SAINT-MICAUD
SAINTE-CHRISTIE-D'ARMAGNAC
SAINT-CELERIN
###
A
HERICOURT
FONTAINE-EN-DORMOIS
MONTLAY-EN-AUXOIS
###
A
SAINTE-EULALIE-EN-BORN
TILLY-CAPELLE
###
A
PLOEREN
FRAMECOURT
SAINT-GERMAIN-DES-PRES
###
A
VERCHAIN-MAUGRE
###
A
BROUAY
LAGARDE
BEAULIEU-LES-FONTAINES
###
A
JARDIN
SAINT-VAAST-LES-MELLO
BOURNAND
###
A
BAULOU
SERGENON
###
A
CHATILLON-EN-DIOIS
###
A
COUSSAC-BONNEVAL
SAINT-ROMAIN-D'AY
AILLY
###
A
TRAMERY
SAINTE-CROIX
SAINT-PARDOUX-LE-NEUF
OGNEVILLE
###
A
COLLERET
SAINTE-COLOMBE-SUR-GUETTE
VIVOIN
BASLY
###
A
GOUDON
###
A
SOLIGNY-LA-TRAPPE
###
A
QUINCY-LANDZECOURT
###
A
LAPLUME
IHOLDY
AUGUAISE
###
A
SAINT-REMY-LA-VARENNE
SOULITRE
GEVREY-CHAMBERTIN
THIL-MANNEVILLE
###
A
BOUTANCOURT
ALGAJOLA
###
A
BETETE
LUTTERBACH
SAINT-THIBAULT
PORT
###
A
MAZINGHEM
###
A
VILLARS-SAINT-GEORGES
COLOMBIER
###
A
BEAUME
SAINT-ETIENNE-DE-VILLEREAL
ALVIGNAC
RAINANS
###
A
PUISENVAL
CHALLEX
###
A
UCEL
SOIZE
###
A
PONT-NOYELLES
SENONNES
###
A
APREMONT
MONTHUCHON
###
A
SAINT-ANDEOL-DE-FOURCHADES
AMBERIEUX
###
A
COURCHELETTES
ANCOURT
###
A
ROYAUCOURT
MELVE
PUXIEUX
###
A
CHATILLON-SUR-THOUET
###
A
CURTIL-SOUS-BUFFIERES
IZE
###
A
BARATIER
###
A
OCCHIATANA
JARS
###
A
LOEUILLEY
URCEREY
###
A
FENIOUX
###
A
MONTSOULT
NADILLAC
###
A
FUVEAU
###
A
THOSTE
###
A
BIVILLE
LAIGNE-EN-BELIN
###
A
SAINT-GERMAIN-SUR-SARTHE
CHANGY
SAINT-WAAST
SAINT-LOUP-SUR-AUJON
###
A
DOUELLE
###
A
LANGUIDIC
VINCY-MANOEUVRE
###
A
MAIZERAY
POUFFONDS
###
A
NIVOLAS-VERMELLE
###
A
CHAMBRY
ROMERY
###
A
TENDRON
CHAMPIGNY
###
A
RINGENDORF
VEREUX
BALLEVILLE
###
A
BANNES
KERLING-LES-SIERCK
###
A
STEINBACH
###
A
GERDE
SAINT-OUEN-LE-MAUGER
SAINT-HILAIRE
VIGNES-LA-COTE
###
A
VAUCLAIX
###
A
OELLEVILLE
###
A
MONTESQUIEU
CHENEBIER
###
A
OULCHES
FRUGES
###
A
CULAN
AMFROIPRET
###
A
VIGNEMONT
BABOEUF
PLEURS
###
A
L'HAY-LES-ROSES
SAINT-PEREUSE
###
A
SAINT-AUGUSTIN
HEREPIAN
###
A
SAINTE-RADEGONDE
MAXOU
###
A
SERDINYA
###
A
PEAUGRES
LAUNOIS-SUR-VENCE
COULMER
###
A
SAINT-MICHEL-DE-PLELAN
###
A
MENETOU-COUTURE
SALON-LA-TOUR
###
A
SAINTE-GEMMES
PAULMY
###
A
MISSEGRE
###
A
SAINT-PERAY
SAVILLY
###
A
BEAUMONT-EN-CAMBRESIS
###
A
GOURLIZON
LANEUVILLE-AU-PONT
JUSSECOURT-MINECOURT
###
A
RAMONVILLE-SAINT-AGNE
###
A
SAINT-LARY
###
A
DROISY
###
A
ARCHES
###
A
RIEUX
BEYNES
###
A
DARCEY
###
A
BOISSY-L'AILLERIE
###
A
SAULT
###
A
MOUSTAJON
MOLINONS
###
A
CARDONNETTE
BESSEY
###
A
BERCHERES-SUR-VESGRE
MAHALON
###
A
YGOS-SAINT-SATURNIN
RUY
###
A
SINNAMARY
SAINT-OUEN-LE-HOUX
COLLEGIEN
###
A
CHAMBOIS
###
A
SAVIGNAC
###
A
CHEIN-DESSUS
SAINT-AIGNAN
SAULCE-SUR-RHONE
###
A
LUQUET
VILLE-EN-TARDENOIS
###
A
MONCHY-SAINT-ELOI
ESPARRON-DE-VERDON
###
A
SAINT-VINCENT-DES-BOIS
CAPELLE-LES-HESDIN
GAILLAN-EN-MEDOC
###
A
GRUES
CASTELNAU-SUR-GUPIE
###
A
OSENBACH
MARTINET
###
A
SIEGEN
###
A
MESLAN
SAINT-ANDRE-DE-SEIGNANX
###
A
THEUVILLE-AUX-MAILLOTS
COUPRU
###
A
AUBERMESNIL-AUX-ERABLES
OUROUX
###
A
GUNTZVILLER
###
A
NANTILLOIS
###
A
PUCH-D'AGENAIS
###
A
SAINT-GOBAIN
GOUY-SOUS-BELLONNE
###
A
ISSEPTS
###
A
SAINT-MARTIN-RIVIERE
COCLOIS
###
A
BOSSEE
###
A
GLAIRE
###
A
IVERNY
###
A
FONTAINES-SUR-SAONE
LUZERET
###
A
GIRAC
###
A
HERBELLES
###
A
CHAUVIGNE
###
A
THOUARCE
###
A
BARD-LE-REGULIER
###
A
PIGNY
###
A
LEUHAN
###
A
OFFIGNIES
###
A
DRUY-PARIGNY
###
A
MARQUETTE-EN-OSTREVANT
###
A
MALIGNY
###
A
MEZERES
###
A
BELPECH
###
A
BOUZIGUES
###
A
SEILHAC
###
A
BUISSARD
###
A
TOUVERAC
###
A
COLLONGES-AU-MONT-D'OR
###
A
FAVERAYE-MACHELLES
###
A
PIEGROS-LA-CLASTRE
###
A
SAINT-AUBIN-DES-ORMEAUX
###
A
BORDES
###
A
CAMPS-LA-SOURCE
###
A
PRESSAC
###
A
LANDERNEAU
###
A
THOUROTTE
###
A
SAINT-LEON
###
A
PUSIGNAN
###
A
SAINT-BRICE-SOUS-RANES
###
B
SARDIEU
